<?xml version="1.0" encoding="UTF-8"?>
<testng-results ignored="6" total="13" passed="5" failed="2" skipped="0">
  <reporter-output>
  </reporter-output>
  <suite started-at="2022-08-24T08:43:28 IST" name="Suite" finished-at="2022-08-24T08:50:23 IST" duration-ms="414980">
    <groups>
    </groups>
    <test started-at="2022-08-24T08:43:28 IST" name="Test" finished-at="2022-08-24T08:50:23 IST" duration-ms="414980">
      <class name="com.EducadtionalDomain.iAss.Scripts.TestCase4">
        <test-method is-config="true" signature="openApp()[pri:0, instance:com.EducadtionalDomain.iAss.Scripts.TestCase4@7bab3f1a]" started-at="2022-08-24T08:44:33 IST" name="openApp" finished-at="2022-08-24T08:44:49 IST" duration-ms="15530" status="PASS">
          <reporter-output>
          </reporter-output>
        </test-method> <!-- openApp -->
        <test-method signature="testCase4()[pri:0, instance:com.EducadtionalDomain.iAss.Scripts.TestCase4@7bab3f1a]" started-at="2022-08-24T08:44:49 IST" name="testCase4" finished-at="2022-08-24T08:45:45 IST" duration-ms="56255" status="FAIL">
          <exception class="org.openqa.selenium.ElementClickInterceptedException">
            <message>
              <![CDATA[element click intercepted: Element <iframe src="https://player.vimeo.com/video/356464956" width="600" height="300" frameborder="0" allow="autoplay; fullscreen" allowfullscreen="" cd_frame_id_="bdb87034a43a08ee7ba1584d5d01c550"></iframe> is not clickable at point (319, 499). Other element would receive the click: <strong>...</strong>
  (Session info: chrome=104.0.5112.82)
Build info: version: '3.141.59', revision: 'e82be7d358', time: '2018-11-14T08:17:03'
System info: host: 'DESKTOP-3O9T5AI', ip: '192.168.1.101', os.name: 'Windows 10', os.arch: 'amd64', os.version: '10.0', java.version: '17.0.3'
Driver info: org.openqa.selenium.chrome.ChromeDriver
Capabilities {acceptInsecureCerts: false, browserName: chrome, browserVersion: 104.0.5112.82, chrome: {chromedriverVersion: 103.0.5060.53 (a1711811edd7..., userDataDir: C:\Users\RUTHUP~1\AppData\L...}, goog:chromeOptions: {debuggerAddress: localhost:50626}, javascriptEnabled: true, networkConnectionEnabled: false, pageLoadStrategy: normal, platform: WINDOWS, platformName: WINDOWS, proxy: Proxy(), setWindowRect: true, strictFileInteractability: false, timeouts: {implicit: 0, pageLoad: 300000, script: 30000}, unhandledPromptBehavior: dismiss and notify, webauthn:extension:credBlob: true, webauthn:extension:largeBlob: true, webauthn:virtualAuthenticators: true}
Session ID: 35f249275797e2d051344d244fc20ec3]]>
            </message>
            <full-stacktrace>
              <![CDATA[org.openqa.selenium.ElementClickInterceptedException: element click intercepted: Element <iframe src="https://player.vimeo.com/video/356464956" width="600" height="300" frameborder="0" allow="autoplay; fullscreen" allowfullscreen="" cd_frame_id_="bdb87034a43a08ee7ba1584d5d01c550"></iframe> is not clickable at point (319, 499). Other element would receive the click: <strong>...</strong>
  (Session info: chrome=104.0.5112.82)
Build info: version: '3.141.59', revision: 'e82be7d358', time: '2018-11-14T08:17:03'
System info: host: 'DESKTOP-3O9T5AI', ip: '192.168.1.101', os.name: 'Windows 10', os.arch: 'amd64', os.version: '10.0', java.version: '17.0.3'
Driver info: org.openqa.selenium.chrome.ChromeDriver
Capabilities {acceptInsecureCerts: false, browserName: chrome, browserVersion: 104.0.5112.82, chrome: {chromedriverVersion: 103.0.5060.53 (a1711811edd7..., userDataDir: C:\Users\RUTHUP~1\AppData\L...}, goog:chromeOptions: {debuggerAddress: localhost:50626}, javascriptEnabled: true, networkConnectionEnabled: false, pageLoadStrategy: normal, platform: WINDOWS, platformName: WINDOWS, proxy: Proxy(), setWindowRect: true, strictFileInteractability: false, timeouts: {implicit: 0, pageLoad: 300000, script: 30000}, unhandledPromptBehavior: dismiss and notify, webauthn:extension:credBlob: true, webauthn:extension:largeBlob: true, webauthn:virtualAuthenticators: true}
Session ID: 35f249275797e2d051344d244fc20ec3
at java.base/jdk.internal.reflect.NativeConstructorAccessorImpl.newInstance0(Native Method)
at java.base/jdk.internal.reflect.NativeConstructorAccessorImpl.newInstance(NativeConstructorAccessorImpl.java:77)
at java.base/jdk.internal.reflect.DelegatingConstructorAccessorImpl.newInstance(DelegatingConstructorAccessorImpl.java:45)
at java.base/java.lang.reflect.Constructor.newInstanceWithCaller(Constructor.java:499)
at java.base/java.lang.reflect.Constructor.newInstance(Constructor.java:480)
at org.openqa.selenium.remote.http.W3CHttpResponseCodec.createException(W3CHttpResponseCodec.java:187)
at org.openqa.selenium.remote.http.W3CHttpResponseCodec.decode(W3CHttpResponseCodec.java:122)
at org.openqa.selenium.remote.http.W3CHttpResponseCodec.decode(W3CHttpResponseCodec.java:49)
at org.openqa.selenium.remote.HttpCommandExecutor.execute(HttpCommandExecutor.java:158)
at org.openqa.selenium.remote.service.DriverCommandExecutor.execute(DriverCommandExecutor.java:83)
at org.openqa.selenium.remote.RemoteWebDriver.execute(RemoteWebDriver.java:552)
at org.openqa.selenium.remote.RemoteWebElement.execute(RemoteWebElement.java:285)
at org.openqa.selenium.remote.RemoteWebElement.click(RemoteWebElement.java:84)
at java.base/jdk.internal.reflect.NativeMethodAccessorImpl.invoke0(Native Method)
at java.base/jdk.internal.reflect.NativeMethodAccessorImpl.invoke(NativeMethodAccessorImpl.java:77)
at java.base/jdk.internal.reflect.DelegatingMethodAccessorImpl.invoke(DelegatingMethodAccessorImpl.java:43)
at java.base/java.lang.reflect.Method.invoke(Method.java:568)
at org.openqa.selenium.support.pagefactory.internal.LocatingElementHandler.invoke(LocatingElementHandler.java:51)
at jdk.proxy2/jdk.proxy2.$Proxy15.click(Unknown Source)
at com.educadtionalDomain.iAss.PomPackage.WishListPage.playPause(WishListPage.java:26)
at com.EducadtionalDomain.iAss.Scripts.TestCase4.testCase4(TestCase4.java:28)
at java.base/jdk.internal.reflect.NativeMethodAccessorImpl.invoke0(Native Method)
at java.base/jdk.internal.reflect.NativeMethodAccessorImpl.invoke(NativeMethodAccessorImpl.java:77)
at java.base/jdk.internal.reflect.DelegatingMethodAccessorImpl.invoke(DelegatingMethodAccessorImpl.java:43)
at java.base/java.lang.reflect.Method.invoke(Method.java:568)
at org.testng.internal.MethodInvocationHelper.invokeMethod(MethodInvocationHelper.java:133)
at org.testng.internal.TestInvoker.invokeMethod(TestInvoker.java:598)
at org.testng.internal.TestInvoker.invokeTestMethod(TestInvoker.java:173)
at org.testng.internal.MethodRunner.runInSequence(MethodRunner.java:46)
at org.testng.internal.TestInvoker$MethodInvocationAgent.invoke(TestInvoker.java:824)
at org.testng.internal.TestInvoker.invokeTestMethods(TestInvoker.java:146)
at org.testng.internal.TestMethodWorker.invokeTestMethods(TestMethodWorker.java:146)
at org.testng.internal.TestMethodWorker.run(TestMethodWorker.java:128)
at java.base/java.util.ArrayList.forEach(ArrayList.java:1511)
at org.testng.TestRunner.privateRun(TestRunner.java:794)
at org.testng.TestRunner.run(TestRunner.java:596)
at org.testng.SuiteRunner.runTest(SuiteRunner.java:377)
at org.testng.SuiteRunner.runSequentially(SuiteRunner.java:371)
at org.testng.SuiteRunner.privateRun(SuiteRunner.java:332)
at org.testng.SuiteRunner.run(SuiteRunner.java:276)
at org.testng.SuiteRunnerWorker.runSuite(SuiteRunnerWorker.java:53)
at org.testng.SuiteRunnerWorker.run(SuiteRunnerWorker.java:96)
at org.testng.TestNG.runSuitesSequentially(TestNG.java:1212)
at org.testng.TestNG.runSuitesLocally(TestNG.java:1134)
at org.testng.TestNG.runSuites(TestNG.java:1063)
at org.testng.TestNG.run(TestNG.java:1031)
at org.testng.remote.AbstractRemoteTestNG.run(AbstractRemoteTestNG.java:115)
at org.testng.remote.RemoteTestNG.initAndRun(RemoteTestNG.java:251)
at org.testng.remote.RemoteTestNG.main(RemoteTestNG.java:77)
]]>
            </full-stacktrace>
          </exception> <!-- org.openqa.selenium.ElementClickInterceptedException -->
          <reporter-output>
          </reporter-output>
        </test-method> <!-- testCase4 -->
        <test-method is-config="true" signature="closeApp(org.testng.ITestResult)[pri:0, instance:com.EducadtionalDomain.iAss.Scripts.TestCase4@7bab3f1a]" started-at="2022-08-24T08:45:45 IST" name="closeApp" finished-at="2022-08-24T08:45:45 IST" duration-ms="3" status="PASS">
          <params>
            <param index="0">
              <value>
                <![CDATA[[TestResult name=testCase4 status=FAILURE method=TestCase4.testCase4()[pri:0, instance:com.EducadtionalDomain.iAss.Scripts.TestCase4@7bab3f1a] output={null}]]]>
              </value>
            </param>
          </params>
          <reporter-output>
          </reporter-output>
        </test-method> <!-- closeApp -->
      </class> <!-- com.EducadtionalDomain.iAss.Scripts.TestCase4 -->
      <class name="com.EducadtionalDomain.iAss.Scripts.TestCase1">
        <test-method is-config="true" signature="configBs()[pri:0, instance:com.EducadtionalDomain.iAss.Scripts.TestCase1@31fa1761]" started-at="2022-08-24T08:43:26 IST" name="configBs" finished-at="2022-08-24T08:43:28 IST" duration-ms="1415" status="PASS">
          <reporter-output>
          </reporter-output>
        </test-method> <!-- configBs -->
        <test-method is-config="true" signature="openApp()[pri:0, instance:com.EducadtionalDomain.iAss.Scripts.TestCase1@31fa1761]" started-at="2022-08-24T08:43:28 IST" name="openApp" finished-at="2022-08-24T08:43:55 IST" duration-ms="27603" status="PASS">
          <reporter-output>
          </reporter-output>
        </test-method> <!-- openApp -->
        <test-method signature="testCase1()[pri:0, instance:com.EducadtionalDomain.iAss.Scripts.TestCase1@31fa1761]" started-at="2022-08-24T08:43:56 IST" name="testCase1" finished-at="2022-08-24T08:44:33 IST" duration-ms="37822" status="PASS">
          <reporter-output>
          </reporter-output>
        </test-method> <!-- testCase1 -->
        <test-method is-config="true" signature="closeApp(org.testng.ITestResult)[pri:0, instance:com.EducadtionalDomain.iAss.Scripts.TestCase1@31fa1761]" started-at="2022-08-24T08:44:33 IST" name="closeApp" finished-at="2022-08-24T08:44:33 IST" duration-ms="30" status="PASS">
          <params>
            <param index="0">
              <value>
                <![CDATA[[TestResult name=testCase1 status=SUCCESS method=TestCase1.testCase1()[pri:0, instance:com.EducadtionalDomain.iAss.Scripts.TestCase1@31fa1761] output={null}]]]>
              </value>
            </param>
          </params>
          <reporter-output>
          </reporter-output>
        </test-method> <!-- closeApp -->
        <test-method is-config="true" signature="configAs()[pri:0, instance:com.EducadtionalDomain.iAss.Scripts.TestCase1@31fa1761]" started-at="2022-08-24T08:50:27 IST" name="configAs" finished-at="2022-08-24T08:50:34 IST" duration-ms="6565" status="PASS">
          <reporter-output>
          </reporter-output>
        </test-method> <!-- configAs -->
      </class> <!-- com.EducadtionalDomain.iAss.Scripts.TestCase1 -->
      <class name="com.EducadtionalDomain.iAss.Scripts.TestCase2">
        <test-method is-config="true" signature="openApp()[pri:0, instance:com.EducadtionalDomain.iAss.Scripts.TestCase2@437da279]" started-at="2022-08-24T08:45:48 IST" name="openApp" finished-at="2022-08-24T08:46:03 IST" duration-ms="14219" status="PASS">
          <reporter-output>
          </reporter-output>
        </test-method> <!-- openApp -->
        <test-method signature="testCase2(java.lang.String,java.lang.String,java.lang.String,java.lang.String)[pri:0, instance:com.EducadtionalDomain.iAss.Scripts.TestCase2@437da279]" started-at="2022-08-24T08:46:03 IST" name="testCase2" data-provider="readExcelData" finished-at="2022-08-24T08:46:17 IST" duration-ms="14224" status="FAIL">
          <params>
            <param index="0">
              <value is-null="true"/>
            </param>
            <param index="1">
              <value is-null="true"/>
            </param>
            <param index="2">
              <value is-null="true"/>
            </param>
            <param index="3">
              <value is-null="true"/>
            </param>
          </params>
          <exception class="java.lang.IllegalArgumentException">
            <message>
              <![CDATA[Keys to send should be a not null CharSequence]]>
            </message>
            <full-stacktrace>
              <![CDATA[java.lang.IllegalArgumentException: Keys to send should be a not null CharSequence
at org.openqa.selenium.remote.RemoteWebElement.sendKeys(RemoteWebElement.java:97)
at java.base/jdk.internal.reflect.NativeMethodAccessorImpl.invoke0(Native Method)
at java.base/jdk.internal.reflect.NativeMethodAccessorImpl.invoke(NativeMethodAccessorImpl.java:77)
at java.base/jdk.internal.reflect.DelegatingMethodAccessorImpl.invoke(DelegatingMethodAccessorImpl.java:43)
at java.base/java.lang.reflect.Method.invoke(Method.java:568)
at org.openqa.selenium.support.pagefactory.internal.LocatingElementHandler.invoke(LocatingElementHandler.java:51)
at jdk.proxy2/jdk.proxy2.$Proxy15.sendKeys(Unknown Source)
at com.educadtionalDomain.iAss.PomPackage.ContactUspage.SendEmail(ContactUspage.java:52)
at com.EducadtionalDomain.iAss.Scripts.TestCase2.testCase2(TestCase2.java:27)
at java.base/jdk.internal.reflect.NativeMethodAccessorImpl.invoke0(Native Method)
at java.base/jdk.internal.reflect.NativeMethodAccessorImpl.invoke(NativeMethodAccessorImpl.java:77)
at java.base/jdk.internal.reflect.DelegatingMethodAccessorImpl.invoke(DelegatingMethodAccessorImpl.java:43)
at java.base/java.lang.reflect.Method.invoke(Method.java:568)
at org.testng.internal.MethodInvocationHelper.invokeMethod(MethodInvocationHelper.java:133)
at org.testng.internal.TestInvoker.invokeMethod(TestInvoker.java:598)
at org.testng.internal.TestInvoker.invokeTestMethod(TestInvoker.java:173)
at org.testng.internal.MethodRunner.runInSequence(MethodRunner.java:46)
at org.testng.internal.TestInvoker$MethodInvocationAgent.invoke(TestInvoker.java:824)
at org.testng.internal.TestInvoker.invokeTestMethods(TestInvoker.java:146)
at org.testng.internal.TestMethodWorker.invokeTestMethods(TestMethodWorker.java:146)
at org.testng.internal.TestMethodWorker.run(TestMethodWorker.java:128)
at java.base/java.util.ArrayList.forEach(ArrayList.java:1511)
at org.testng.TestRunner.privateRun(TestRunner.java:794)
at org.testng.TestRunner.run(TestRunner.java:596)
at org.testng.SuiteRunner.runTest(SuiteRunner.java:377)
at org.testng.SuiteRunner.runSequentially(SuiteRunner.java:371)
at org.testng.SuiteRunner.privateRun(SuiteRunner.java:332)
at org.testng.SuiteRunner.run(SuiteRunner.java:276)
at org.testng.SuiteRunnerWorker.runSuite(SuiteRunnerWorker.java:53)
at org.testng.SuiteRunnerWorker.run(SuiteRunnerWorker.java:96)
at org.testng.TestNG.runSuitesSequentially(TestNG.java:1212)
at org.testng.TestNG.runSuitesLocally(TestNG.java:1134)
at org.testng.TestNG.runSuites(TestNG.java:1063)
at org.testng.TestNG.run(TestNG.java:1031)
at org.testng.remote.AbstractRemoteTestNG.run(AbstractRemoteTestNG.java:115)
at org.testng.remote.RemoteTestNG.initAndRun(RemoteTestNG.java:251)
at org.testng.remote.RemoteTestNG.main(RemoteTestNG.java:77)
]]>
            </full-stacktrace>
          </exception> <!-- java.lang.IllegalArgumentException -->
          <reporter-output>
          </reporter-output>
        </test-method> <!-- testCase2 -->
        <test-method is-config="true" signature="closeApp(org.testng.ITestResult)[pri:0, instance:com.EducadtionalDomain.iAss.Scripts.TestCase2@437da279]" started-at="2022-08-24T08:46:17 IST" name="closeApp" finished-at="2022-08-24T08:46:17 IST" duration-ms="4" status="PASS">
          <params>
            <param index="0">
              <value>
                <![CDATA[[TestResult name=testCase2 status=FAILURE method=TestCase2.testCase2(java.lang.String,java.lang.String,java.lang.String,java.lang.String)[pri:0, instance:com.EducadtionalDomain.iAss.Scripts.TestCase2@437da279] output={null}]]]>
              </value>
            </param>
          </params>
          <reporter-output>
          </reporter-output>
        </test-method> <!-- closeApp -->
        <test-method is-config="true" signature="openApp()[pri:0, instance:com.EducadtionalDomain.iAss.Scripts.TestCase2@437da279]" started-at="2022-08-24T08:46:17 IST" name="openApp" finished-at="2022-08-24T08:46:39 IST" duration-ms="22288" status="PASS">
          <reporter-output>
          </reporter-output>
        </test-method> <!-- openApp -->
        <test-method signature="testCase2(java.lang.String,java.lang.String,java.lang.String,java.lang.String)[pri:0, instance:com.EducadtionalDomain.iAss.Scripts.TestCase2@437da279]" started-at="2022-08-24T08:46:39 IST" name="testCase2" data-provider="readExcelData" finished-at="2022-08-24T08:47:06 IST" duration-ms="26645" status="PASS">
          <params>
            <param index="0">
              <value>
                <![CDATA[Ramesh]]>
              </value>
            </param>
            <param index="1">
              <value>
                <![CDATA[ramesh@gmail.com]]>
              </value>
            </param>
            <param index="2">
              <value>
                <![CDATA[Selenium]]>
              </value>
            </param>
            <param index="3">
              <value>
                <![CDATA[Test request please don’t consider]]>
              </value>
            </param>
          </params>
          <reporter-output>
          </reporter-output>
        </test-method> <!-- testCase2 -->
        <test-method is-config="true" signature="closeApp(org.testng.ITestResult)[pri:0, instance:com.EducadtionalDomain.iAss.Scripts.TestCase2@437da279]" started-at="2022-08-24T08:47:06 IST" name="closeApp" finished-at="2022-08-24T08:47:06 IST" duration-ms="2" status="PASS">
          <params>
            <param index="0">
              <value>
                <![CDATA[[TestResult name=testCase2 status=SUCCESS method=TestCase2.testCase2(java.lang.String,java.lang.String,java.lang.String,java.lang.String)[pri:0, instance:com.EducadtionalDomain.iAss.Scripts.TestCase2@437da279] output={null}]]]>
              </value>
            </param>
          </params>
          <reporter-output>
          </reporter-output>
        </test-method> <!-- closeApp -->
        <test-method is-config="true" signature="openApp()[pri:0, instance:com.EducadtionalDomain.iAss.Scripts.TestCase2@437da279]" started-at="2022-08-24T08:47:06 IST" name="openApp" finished-at="2022-08-24T08:47:28 IST" duration-ms="22497" status="PASS">
          <reporter-output>
          </reporter-output>
        </test-method> <!-- openApp -->
        <test-method signature="testCase2(java.lang.String,java.lang.String,java.lang.String,java.lang.String)[pri:0, instance:com.EducadtionalDomain.iAss.Scripts.TestCase2@437da279]" started-at="2022-08-24T08:47:28 IST" name="testCase2" data-provider="readExcelData" finished-at="2022-08-24T08:47:50 IST" duration-ms="21714" status="PASS">
          <params>
            <param index="0">
              <value>
                <![CDATA[Likhith]]>
              </value>
            </param>
            <param index="1">
              <value>
                <![CDATA[likhith@gmail.com]]>
              </value>
            </param>
            <param index="2">
              <value>
                <![CDATA[java]]>
              </value>
            </param>
            <param index="3">
              <value>
                <![CDATA[Test request please don’t consider]]>
              </value>
            </param>
          </params>
          <reporter-output>
          </reporter-output>
        </test-method> <!-- testCase2 -->
        <test-method is-config="true" signature="closeApp(org.testng.ITestResult)[pri:0, instance:com.EducadtionalDomain.iAss.Scripts.TestCase2@437da279]" started-at="2022-08-24T08:47:50 IST" name="closeApp" finished-at="2022-08-24T08:47:50 IST" duration-ms="0" status="PASS">
          <params>
            <param index="0">
              <value>
                <![CDATA[[TestResult name=testCase2 status=SUCCESS method=TestCase2.testCase2(java.lang.String,java.lang.String,java.lang.String,java.lang.String)[pri:0, instance:com.EducadtionalDomain.iAss.Scripts.TestCase2@437da279] output={null}]]]>
              </value>
            </param>
          </params>
          <reporter-output>
          </reporter-output>
        </test-method> <!-- closeApp -->
        <test-method is-config="true" signature="openApp()[pri:0, instance:com.EducadtionalDomain.iAss.Scripts.TestCase2@437da279]" started-at="2022-08-24T08:47:50 IST" name="openApp" finished-at="2022-08-24T08:48:18 IST" duration-ms="27763" status="PASS">
          <reporter-output>
          </reporter-output>
        </test-method> <!-- openApp -->
        <test-method signature="testCase2(java.lang.String,java.lang.String,java.lang.String,java.lang.String)[pri:0, instance:com.EducadtionalDomain.iAss.Scripts.TestCase2@437da279]" started-at="2022-08-24T08:48:18 IST" name="testCase2" data-provider="readExcelData" finished-at="2022-08-24T08:48:39 IST" duration-ms="21251" status="PASS">
          <params>
            <param index="0">
              <value>
                <![CDATA[Suresh]]>
              </value>
            </param>
            <param index="1">
              <value>
                <![CDATA[suri@gmail.com]]>
              </value>
            </param>
            <param index="2">
              <value>
                <![CDATA[python]]>
              </value>
            </param>
            <param index="3">
              <value>
                <![CDATA[Test request please don’t consider]]>
              </value>
            </param>
          </params>
          <reporter-output>
          </reporter-output>
        </test-method> <!-- testCase2 -->
        <test-method is-config="true" signature="closeApp(org.testng.ITestResult)[pri:0, instance:com.EducadtionalDomain.iAss.Scripts.TestCase2@437da279]" started-at="2022-08-24T08:48:39 IST" name="closeApp" finished-at="2022-08-24T08:48:39 IST" duration-ms="1" status="PASS">
          <params>
            <param index="0">
              <value>
                <![CDATA[[TestResult name=testCase2 status=SUCCESS method=TestCase2.testCase2(java.lang.String,java.lang.String,java.lang.String,java.lang.String)[pri:0, instance:com.EducadtionalDomain.iAss.Scripts.TestCase2@437da279] output={null}]]]>
              </value>
            </param>
          </params>
          <reporter-output>
          </reporter-output>
        </test-method> <!-- closeApp -->
      </class> <!-- com.EducadtionalDomain.iAss.Scripts.TestCase2 -->
      <class name="com.EducadtionalDomain.iAss.Scripts.TestCase3">
        <test-method is-config="true" signature="openApp()[pri:0, instance:com.EducadtionalDomain.iAss.Scripts.TestCase3@23c30a20]" started-at="2022-08-24T08:48:39 IST" name="openApp" finished-at="2022-08-24T08:49:21 IST" duration-ms="42260" status="PASS">
          <reporter-output>
          </reporter-output>
        </test-method> <!-- openApp -->
        <test-method signature="testCase3()[pri:0, instance:com.EducadtionalDomain.iAss.Scripts.TestCase3@23c30a20]" started-at="2022-08-24T08:49:21 IST" name="testCase3" finished-at="2022-08-24T08:50:23 IST" duration-ms="61450" status="PASS">
          <reporter-output>
          </reporter-output>
        </test-method> <!-- testCase3 -->
        <test-method is-config="true" signature="closeApp(org.testng.ITestResult)[pri:0, instance:com.EducadtionalDomain.iAss.Scripts.TestCase3@23c30a20]" started-at="2022-08-24T08:50:23 IST" name="closeApp" finished-at="2022-08-24T08:50:23 IST" duration-ms="1" status="PASS">
          <params>
            <param index="0">
              <value>
                <![CDATA[[TestResult name=testCase3 status=SUCCESS method=TestCase3.testCase3()[pri:0, instance:com.EducadtionalDomain.iAss.Scripts.TestCase3@23c30a20] output={null}]]]>
              </value>
            </param>
          </params>
          <reporter-output>
          </reporter-output>
        </test-method> <!-- closeApp -->
      </class> <!-- com.EducadtionalDomain.iAss.Scripts.TestCase3 -->
    </test> <!-- Test -->
  </suite> <!-- Suite -->
</testng-results>
